[debug] [2024-07-19T03:34:40.434Z] ----------------------------------------------------------------------
[debug] [2024-07-19T03:34:40.438Z] Command:       /opt/homebrew/Cellar/node/22.2.0/bin/node /Users/rafaelcorrea/.npm-global/bin/firebase init hosting
[debug] [2024-07-19T03:34:40.438Z] CLI Version:   13.13.3
[debug] [2024-07-19T03:34:40.438Z] Platform:      darwin
[debug] [2024-07-19T03:34:40.438Z] Node Version:  v22.2.0
[debug] [2024-07-19T03:34:40.438Z] Time:          Fri Jul 19 2024 00:34:40 GMT-0300 (Horário Padrão de Brasília)
[debug] [2024-07-19T03:34:40.438Z] ----------------------------------------------------------------------
[debug] 
[debug] [2024-07-19T03:34:40.444Z] > command requires scopes: ["email","openid","https://www.googleapis.com/auth/cloudplatformprojects.readonly","https://www.googleapis.com/auth/firebase","https://www.googleapis.com/auth/cloud-platform"]
[debug] [2024-07-19T03:34:40.444Z] > authorizing via signed-in user (rafaelgorayb388@gmail.com)
[info] 
     ######## #### ########  ######## ########     ###     ######  ########
     ##        ##  ##     ## ##       ##     ##  ##   ##  ##       ##
     ######    ##  ########  ######   ########  #########  ######  ######
     ##        ##  ##    ##  ##       ##     ## ##     ##       ## ##
     ##       #### ##     ## ######## ########  ##     ##  ######  ########

You're about to initialize a Firebase project in this directory:

  /Users/rafaelcorrea/Documents/websitecarros-2

[info] 
=== Project Setup
[info] 
[info] First, let's associate this project directory with a Firebase project.
[info] You can create multiple project aliases by running firebase use --add, 
[info] but for now we'll just set up a default project.
[info] 
[debug] [2024-07-19T03:34:42.444Z] >>> [apiv2][query] GET https://firebase.googleapis.com/v1beta1/projects pageSize=100
[debug] [2024-07-19T03:34:43.368Z] <<< [apiv2][status] GET https://firebase.googleapis.com/v1beta1/projects 200
[debug] [2024-07-19T03:34:43.368Z] <<< [apiv2][body] GET https://firebase.googleapis.com/v1beta1/projects [omitted]
[info] i  Using project akkarapp-e19ea (akkarapp) 
[info] 
=== Hosting Setup
[debug] [2024-07-19T03:34:44.989Z] >>> [apiv2][query] GET https://firebase.googleapis.com/v1beta1/projects/akkarapp-e19ea [none]
[debug] [2024-07-19T03:34:45.299Z] <<< [apiv2][status] GET https://firebase.googleapis.com/v1beta1/projects/akkarapp-e19ea 200
[debug] [2024-07-19T03:34:45.299Z] <<< [apiv2][body] GET https://firebase.googleapis.com/v1beta1/projects/akkarapp-e19ea {"projectId":"akkarapp-e19ea","projectNumber":"445385904834","displayName":"akkarapp","name":"projects/akkarapp-e19ea","resources":{"hostingSite":"akkarapp-e19ea","realtimeDatabaseInstance":"akkarapp-e19ea-default-rtdb","storageBucket":"akkarapp-e19ea.appspot.com","locationId":"southamerica-east1"},"state":"ACTIVE","etag":"1_0a1d1e83-4374-4f1a-86e2-c330e3653a48"}
[info] 
[info] i  Detected a .git folder at /Users/rafaelcorrea/Documents/websitecarros-2 
[info] i  Authorizing with GitHub to upload your service account to a GitHub repository's secrets store. 
[info] 
[info] Visit this URL on this device to log in:
[info] https://github.com/login/oauth/authorize?client_id=89cf50f02ac6aaed3484&state=673956284&redirect_uri=http%3A%2F%2Flocalhost%3A9005&scope=read%3Auser%20repo%20public_repo
[info] 
[info] Waiting for authentication...
[debug] [2024-07-19T03:35:32.609Z] >>> [apiv2][query] POST https://github.com/login/oauth/access_token [none]
[debug] [2024-07-19T03:35:32.610Z] >>> [apiv2][body] POST https://github.com/login/oauth/access_token [stream]
[debug] [2024-07-19T03:35:33.085Z] <<< [apiv2][status] POST https://github.com/login/oauth/access_token 200
[debug] [2024-07-19T03:35:33.086Z] <<< [apiv2][body] POST https://github.com/login/oauth/access_token {"access_token":"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","token_type":"bearer","scope":"read:user,repo"}
[debug] [2024-07-19T03:35:33.094Z] >>> [apiv2][query] GET https://api.github.com/user [none]
[debug] [2024-07-19T03:35:33.567Z] <<< [apiv2][status] GET https://api.github.com/user 200
[debug] [2024-07-19T03:35:33.568Z] <<< [apiv2][body] GET https://api.github.com/user {"login":"RafaelGorayb","id":74671345,"node_id":"MDQ6VXNlcjc0NjcxMzQ1","avatar_url":"https://avatars.githubusercontent.com/u/74671345?v=4","gravatar_id":"","url":"https://api.github.com/users/RafaelGorayb","html_url":"https://github.com/RafaelGorayb","followers_url":"https://api.github.com/users/RafaelGorayb/followers","following_url":"https://api.github.com/users/RafaelGorayb/following{/other_user}","gists_url":"https://api.github.com/users/RafaelGorayb/gists{/gist_id}","starred_url":"https://api.github.com/users/RafaelGorayb/starred{/owner}{/repo}","subscriptions_url":"https://api.github.com/users/RafaelGorayb/subscriptions","organizations_url":"https://api.github.com/users/RafaelGorayb/orgs","repos_url":"https://api.github.com/users/RafaelGorayb/repos","events_url":"https://api.github.com/users/RafaelGorayb/events{/privacy}","received_events_url":"https://api.github.com/users/RafaelGorayb/received_events","type":"User","site_admin":false,"name":"Rafael Gorayb","company":null,"blog":"","location":null,"email":null,"hireable":null,"bio":"Aluno de engenharia da Computação - Facamp","twitter_username":null,"public_repos":6,"public_gists":0,"followers":5,"following":3,"created_at":"2020-11-18T16:01:21Z","updated_at":"2024-07-17T13:35:56Z","private_gists":0,"total_private_repos":5,"owned_private_repos":5,"disk_usage":63602,"collaborators":1,"two_factor_authentication":true,"plan":{"name":"pro","space":976562499,"collaborators":0,"private_repos":9999}}
[info] 
[info] ✔  Success! Logged into GitHub as RafaelGorayb 
[info] 
